[2020-06-14T13:57:53.003Z] : error : Api: Server recieved error from client:: "Test message" "Stack message"
[2020-06-14T13:57:54.527Z] : info : DataBase: Connection to data base has been established successfully.
[2020-06-14T13:57:54.686Z] : info : Server: database tables created if the dont exist
[2020-06-14T13:57:55.283Z] : error : UserController: SequelizeUniqueConstraintError: llave duplicada viola restricción de unicidad «User_User_Email_key»
[2020-06-14T13:57:55.284Z] : error : UserHandler: SequelizeUniqueConstraintError: llave duplicada viola restricción de unicidad «User_User_Email_key»
[2020-06-14T13:57:55.562Z] : error : DriverController: SequelizeUniqueConstraintError: llave duplicada viola restricción de unicidad «Driver_Driver_Email_key»
[2020-06-14T13:57:55.562Z] : error : DriverHandler: SequelizeUniqueConstraintError: llave duplicada viola restricción de unicidad «Driver_Driver_Email_key»
[2020-06-14T13:57:55.657Z] : info : Server: database tables created if the dont exist
[2020-06-14T13:57:55.720Z] : info : DriverController: drivers was deleted
[2020-06-14T13:57:55.744Z] : info : DriverController: TypeError: Cannot read property 'dataValues' of undefined
[2020-06-14T13:57:56.371Z] : info : DriverController: drivers was deleted
[2020-06-14T13:57:56.371Z] : info : DriverController: TypeError: Cannot read property 'dataValues' of undefined
[2020-06-14T13:57:56.389Z] : info : ImageHandler:Save image: Image saved succesfully
[2020-06-14T13:57:56.550Z] : info : DriverController: Driver was created successfully.
[2020-06-14T13:57:56.551Z] : info : DriverHandler: Driver was created successfully.
[2020-06-14T13:57:56.551Z] : info : Signup driver: added succesfully
[2020-06-14T13:57:56.555Z] : info : DriverController: drivers was deleted
[2020-06-14T13:57:56.555Z] : info : DriverController: TypeError: Cannot read property 'dataValues' of undefined
[2020-06-14T13:57:56.556Z] : info : ImageHandler:Save image: Image saved succesfully
[2020-06-14T13:57:56.738Z] : info : DriverController: Driver was created successfully.
[2020-06-14T13:57:56.740Z] : info : DriverHandler: Driver was created successfully.
[2020-06-14T13:57:56.741Z] : info : Signup driver: added succesfully
[2020-06-14T13:57:56.855Z] : info : Server: database tables created if the dont exist
[2020-06-14T13:57:56.861Z] : info : VehicleController: vehicle was deleted
[2020-06-14T13:57:56.862Z] : info : VehicleController: TypeError: Cannot read property 'dataValues' of undefined
[2020-06-14T13:57:56.903Z] : info : VehicleController: vehicle was deleted
[2020-06-14T13:57:56.903Z] : info : VehicleController: TypeError: Cannot read property 'dataValues' of undefined
[2020-06-14T13:57:56.906Z] : info : ImageHandler:Save image: Image saved succesfully
[2020-06-14T13:57:56.920Z] : info : VehicleController: Vehicle was created successfully.
[2020-06-14T13:57:56.920Z] : info : VehicleHandler: Vehicle was created successfully.
[2020-06-14T13:57:56.994Z] : info : Driver_VehicleController: Driver_Vehicle was created successfully.
[2020-06-14T13:57:56.995Z] : info : Driver_VehicleController: Driver_Vehicle was created successfully.
[2020-06-14T13:57:56.996Z] : info : Signup vehicle: added succesfully
[2020-06-14T13:58:12.736Z] : error : Api: Server recieved error from client:: "Test message" "Stack message"
[2020-06-14T13:58:13.396Z] : info : DataBase: Connection to data base has been established successfully.
[2020-06-14T13:58:13.536Z] : info : Server: database tables created if the dont exist
[2020-06-14T13:58:13.844Z] : error : UserController: SequelizeUniqueConstraintError: llave duplicada viola restricción de unicidad «User_User_Email_key»
[2020-06-14T13:58:13.844Z] : error : UserHandler: SequelizeUniqueConstraintError: llave duplicada viola restricción de unicidad «User_User_Email_key»
[2020-06-14T13:58:14.022Z] : error : DriverController: SequelizeUniqueConstraintError: llave duplicada viola restricción de unicidad «Driver_Driver_Email_key»
[2020-06-14T13:58:14.023Z] : error : DriverHandler: SequelizeUniqueConstraintError: llave duplicada viola restricción de unicidad «Driver_Driver_Email_key»
[2020-06-14T13:58:14.133Z] : info : api.js: request parameters doesnt mactch driver nor user
[2020-06-14T13:58:14.195Z] : info : UserController:Number of users returned
[2020-06-14T13:58:14.196Z] : info : UserHandler: email match
[2020-06-14T13:58:14.206Z] : info : UserController:User found
[2020-06-14T13:58:14.412Z] : info : UserHandler: succesfull call to getUserByEmail
[2020-06-14T13:58:14.412Z] : info : api.js: returned user id succesfully
[2020-06-14T13:58:14.427Z] : info : DriverController:Number of Drivers returned
[2020-06-14T13:58:14.427Z] : info : DriverHandler: email match
[2020-06-14T13:58:14.429Z] : info : DriverController:Driver found
[2020-06-14T13:58:14.555Z] : info : DriverHandler: succesfull call to getDriverByEmail
[2020-06-14T13:58:14.596Z] : info : Driver_VehicleController: Driver vehicle found
[2020-06-14T13:58:14.597Z] : info : Driver_VehicleHandler: Driver vehicle found
[2020-06-14T13:58:14.597Z] : info : api.js: returned Driver id succesfully
[2020-06-14T13:58:14.726Z] : info : Server: database tables created if the dont exist
[2020-06-14T13:58:14.744Z] : info : DriverController: drivers was deleted
[2020-06-14T13:58:14.745Z] : info : DriverController: TypeError: Cannot read property 'dataValues' of undefined
[2020-06-14T13:58:14.808Z] : info : DriverController: drivers was deleted
[2020-06-14T13:58:14.809Z] : info : DriverController: TypeError: Cannot read property 'dataValues' of undefined
[2020-06-14T13:58:14.821Z] : info : ImageHandler:Save image: Image saved succesfully
[2020-06-14T13:58:14.975Z] : info : DriverController: Driver was created successfully.
[2020-06-14T13:58:14.975Z] : info : DriverHandler: Driver was created successfully.
[2020-06-14T13:58:14.976Z] : info : Signup driver: added succesfully
[2020-06-14T13:58:14.978Z] : info : DriverController: drivers was deleted
[2020-06-14T13:58:14.979Z] : info : DriverController: TypeError: Cannot read property 'dataValues' of undefined
[2020-06-14T13:58:14.979Z] : info : ImageHandler:Save image: Image saved succesfully
[2020-06-14T13:58:15.122Z] : info : DriverController: Driver was created successfully.
[2020-06-14T13:58:15.123Z] : info : DriverHandler: Driver was created successfully.
[2020-06-14T13:58:15.123Z] : info : Signup driver: added succesfully
[2020-06-14T13:58:15.233Z] : info : Server: database tables created if the dont exist
[2020-06-14T13:58:15.236Z] : info : VehicleController: vehicle was deleted
[2020-06-14T13:58:15.236Z] : info : VehicleController: TypeError: Cannot read property 'dataValues' of undefined
[2020-06-14T13:58:15.248Z] : info : VehicleController: vehicle was deleted
[2020-06-14T13:58:15.248Z] : info : VehicleController: TypeError: Cannot read property 'dataValues' of undefined
[2020-06-14T13:58:15.251Z] : info : ImageHandler:Save image: Image saved succesfully
[2020-06-14T13:58:15.258Z] : info : VehicleController: Vehicle was created successfully.
[2020-06-14T13:58:15.259Z] : info : VehicleHandler: Vehicle was created successfully.
[2020-06-14T13:58:15.269Z] : info : Driver_VehicleController: Driver_Vehicle was created successfully.
[2020-06-14T13:58:15.270Z] : info : Driver_VehicleController: Driver_Vehicle was created successfully.
[2020-06-14T13:58:15.271Z] : info : Signup vehicle: added succesfully
